<?xml version="1.0" encoding="UTF-8"?>
<coverage generated="1684151764">
  <project timestamp="1684151764">
    <file name="/Users/joej/Kodus2/repo-info-composer-plugin/src/Factory/ComposerInformationfactory.php">
      <class name="CodeHqDk\RepositoryInformation\ComposerPlugin\Factory\ComposerInformationfactory" namespace="global">
        <metrics complexity="13" methods="7" coveredmethods="4" conditionals="0" coveredconditionals="0" statements="43" coveredstatements="31" elements="50" coveredelements="35"/>
      </class>
      <line num="23" type="method" name="__construct" visibility="public" complexity="2" crap="2" count="4"/>
      <line num="25" type="stmt" count="4"/>
      <line num="26" type="stmt" count="3"/>
      <line num="30" type="method" name="createBlocks" visibility="public" complexity="3" crap="3.14" count="1"/>
      <line num="32" type="stmt" count="1"/>
      <line num="33" type="stmt" count="0"/>
      <line num="36" type="stmt" count="1"/>
      <line num="38" type="stmt" count="1"/>
      <line num="39" type="stmt" count="0"/>
      <line num="42" type="stmt" count="1"/>
      <line num="43" type="stmt" count="1"/>
      <line num="44" type="stmt" count="1"/>
      <line num="47" type="method" name="getRepositoryRequirements" visibility="public" complexity="1" crap="1" count="1"/>
      <line num="49" type="stmt" count="1"/>
      <line num="52" type="method" name="listAvailableInformationBlocks" visibility="public" complexity="1" crap="1" count="1"/>
      <line num="54" type="stmt" count="1"/>
      <line num="55" type="stmt" count="1"/>
      <line num="56" type="stmt" count="1"/>
      <line num="59" type="method" name="createDirectDependenciesBlock" visibility="private" complexity="2" crap="2" count="1"/>
      <line num="61" type="stmt" count="1"/>
      <line num="62" type="stmt" count="1"/>
      <line num="64" type="stmt" count="1"/>
      <line num="66" type="stmt" count="1"/>
      <line num="68" type="stmt" count="1"/>
      <line num="70" type="stmt" count="1"/>
      <line num="72" type="stmt" count="1"/>
      <line num="73" type="stmt" count="1"/>
      <line num="74" type="stmt" count="1"/>
      <line num="77" type="stmt" count="1"/>
      <line num="78" type="stmt" count="1"/>
      <line num="79" type="stmt" count="1"/>
      <line num="80" type="stmt" count="1"/>
      <line num="81" type="stmt" count="1"/>
      <line num="82" type="stmt" count="1"/>
      <line num="83" type="stmt" count="1"/>
      <line num="84" type="stmt" count="1"/>
      <line num="87" type="method" name="runComposerInstallIfNeeded" visibility="private" complexity="2" crap="3.19" count="1"/>
      <line num="89" type="stmt" count="1"/>
      <line num="90" type="stmt" count="1"/>
      <line num="93" type="stmt" count="0"/>
      <line num="94" type="stmt" count="0"/>
      <line num="96" type="stmt" count="0"/>
      <line num="98" type="stmt" count="0"/>
      <line num="104" type="method" name="throwExceptionIfComposerIsNotCorrectSetup" visibility="private" complexity="2" crap="6" count="0"/>
      <line num="105" type="stmt" count="0"/>
      <line num="106" type="stmt" count="0"/>
      <line num="108" type="stmt" count="0"/>
      <line num="111" type="stmt" count="0"/>
      <line num="112" type="stmt" count="0"/>
      <line num="113" type="stmt" count="0"/>
      <metrics loc="117" ncloc="113" classes="1" methods="7" coveredmethods="4" conditionals="0" coveredconditionals="0" statements="43" coveredstatements="31" elements="50" coveredelements="35"/>
    </file>
    <file name="/Users/joej/Kodus2/repo-info-composer-plugin/src/InformationBlocks/DirectDependenciesBlock.php">
      <class name="CodeHqDk\RepositoryInformation\ComposerPlugin\InformationBlocks\DirectDependenciesBlock" namespace="global">
        <metrics complexity="1" methods="1" coveredmethods="1" conditionals="0" coveredconditionals="0" statements="8" coveredstatements="8" elements="9" coveredelements="9"/>
      </class>
      <line num="12" type="method" name="fromArray" visibility="public" complexity="1" crap="1" count="1"/>
      <line num="13" type="stmt" count="1"/>
      <line num="14" type="stmt" count="1"/>
      <line num="15" type="stmt" count="1"/>
      <line num="16" type="stmt" count="1"/>
      <line num="17" type="stmt" count="1"/>
      <line num="18" type="stmt" count="1"/>
      <line num="19" type="stmt" count="1"/>
      <line num="20" type="stmt" count="1"/>
      <metrics loc="23" ncloc="20" classes="1" methods="1" coveredmethods="1" conditionals="0" coveredconditionals="0" statements="8" coveredstatements="8" elements="9" coveredelements="9"/>
    </file>
    <file name="/Users/joej/Kodus2/repo-info-composer-plugin/src/Provider/ComposerInformationFactoryProvider.php">
      <class name="CodeHqDk\RepositoryInformation\ComposerPlugin\Provider\ComposerInformationFactoryProvider" namespace="global">
        <metrics complexity="1" methods="1" coveredmethods="1" conditionals="0" coveredconditionals="0" statements="2" coveredstatements="2" elements="3" coveredelements="3"/>
      </class>
      <line num="11" type="method" name="addFactory" visibility="public" complexity="1" crap="1" count="1"/>
      <line num="13" type="stmt" count="1"/>
      <line num="14" type="stmt" count="1"/>
      <metrics loc="17" ncloc="17" classes="1" methods="1" coveredmethods="1" conditionals="0" coveredconditionals="0" statements="2" coveredstatements="2" elements="3" coveredelements="3"/>
    </file>
    <metrics files="3" loc="157" ncloc="150" classes="3" methods="9" coveredmethods="6" conditionals="0" coveredconditionals="0" statements="53" coveredstatements="41" elements="62" coveredelements="47"/>
  </project>
</coverage>
